<?xml version="1.0" encoding="UTF-8"?>
<testng-results skipped="0" failed="1" total="3" passed="2">
  <reporter-output>
  </reporter-output>
  <suite name="suiteA" duration-ms="46420" started-at="2021-05-17T03:51:14Z" finished-at="2021-05-17T03:52:01Z">
    <groups>
    </groups>
    <test name="testA" duration-ms="46420" started-at="2021-05-17T03:51:14Z" finished-at="2021-05-17T03:52:01Z">
      <class name="weather.automation.testVagrantUtkarsh.myTest.NDTVHomePageTest">
        <test-method status="PASS" signature="setUp(java.lang.String)[pri:0, instance:weather.automation.testVagrantUtkarsh.myTest.NDTVHomePageTest@26653222]" name="setUp" is-config="true" duration-ms="33279" started-at="2021-05-17T09:21:14Z" finished-at="2021-05-17T09:21:47Z">
          <params>
            <param index="0">
              <value>
                <![CDATA[chrome]]>
              </value>
            </param>
          </params>
          <reporter-output>
          </reporter-output>
        </test-method> <!-- setUp -->
        <test-method status="PASS" signature="collectWeatherDataUI(java.lang.String)[pri:0, instance:weather.automation.testVagrantUtkarsh.myTest.NDTVHomePageTest@26653222]" name="collectWeatherDataUI" duration-ms="8264" started-at="2021-05-17T09:21:47Z" finished-at="2021-05-17T09:21:56Z">
          <params>
            <param index="0">
              <value>
                <![CDATA[Lucknow]]>
              </value>
            </param>
          </params>
          <reporter-output>
          </reporter-output>
        </test-method> <!-- collectWeatherDataUI -->
        <test-method status="PASS" signature="collectWeatherDataAPI(java.lang.String)[pri:0, instance:weather.automation.testVagrantUtkarsh.myTest.NDTVHomePageTest@26653222]" name="collectWeatherDataAPI" duration-ms="3420" started-at="2021-05-17T09:21:56Z" finished-at="2021-05-17T09:21:59Z">
          <params>
            <param index="0">
              <value>
                <![CDATA[Lucknow]]>
              </value>
            </param>
          </params>
          <reporter-output>
          </reporter-output>
        </test-method> <!-- collectWeatherDataAPI -->
        <test-method status="FAIL" signature="verifyUIAndAPIData()[pri:0, instance:weather.automation.testVagrantUtkarsh.myTest.NDTVHomePageTest@26653222]" name="verifyUIAndAPIData" duration-ms="7" started-at="2021-05-17T09:21:59Z" finished-at="2021-05-17T09:21:59Z">
          <exception class="java.lang.AssertionError">
            <message>
              <![CDATA[UI and API temperature are not same!! expected [false] but found [true]]]>
            </message>
            <full-stacktrace>
              <![CDATA[java.lang.AssertionError: UI and API temperature are not same!! expected [false] but found [true]
	at org.testng.Assert.fail(Assert.java:94)
	at org.testng.Assert.failNotEquals(Assert.java:494)
	at org.testng.Assert.assertFalse(Assert.java:63)
	at weather.automation.testVagrantUtkarsh.myTest.NDTVHomePageTest.verifyUIAndAPIData(NDTVHomePageTest.java:90)
	at sun.reflect.NativeMethodAccessorImpl.invoke0(Native Method)
	at sun.reflect.NativeMethodAccessorImpl.invoke(NativeMethodAccessorImpl.java:62)
	at sun.reflect.DelegatingMethodAccessorImpl.invoke(DelegatingMethodAccessorImpl.java:43)
	at java.lang.reflect.Method.invoke(Method.java:498)
	at org.testng.internal.MethodInvocationHelper.invokeMethod(MethodInvocationHelper.java:80)
	at org.testng.internal.Invoker.invokeMethod(Invoker.java:714)
	at org.testng.internal.Invoker.invokeTestMethod(Invoker.java:901)
	at org.testng.internal.Invoker.invokeTestMethods(Invoker.java:1231)
	at org.testng.internal.TestMethodWorker.invokeTestMethods(TestMethodWorker.java:127)
	at org.testng.internal.TestMethodWorker.run(TestMethodWorker.java:111)
	at org.testng.TestRunner.privateRun(TestRunner.java:767)
	at org.testng.TestRunner.run(TestRunner.java:617)
	at org.testng.SuiteRunner.runTest(SuiteRunner.java:334)
	at org.testng.SuiteRunner.runSequentially(SuiteRunner.java:329)
	at org.testng.SuiteRunner.privateRun(SuiteRunner.java:291)
	at org.testng.SuiteRunner.run(SuiteRunner.java:240)
	at org.testng.SuiteRunnerWorker.runSuite(SuiteRunnerWorker.java:52)
	at org.testng.SuiteRunnerWorker.run(SuiteRunnerWorker.java:86)
	at org.testng.TestNG.runSuitesSequentially(TestNG.java:1198)
	at org.testng.TestNG.runSuitesLocally(TestNG.java:1123)
	at org.testng.TestNG.run(TestNG.java:1031)
	at org.testng.remote.AbstractRemoteTestNG.run(AbstractRemoteTestNG.java:115)
	at org.testng.remote.RemoteTestNG.initAndRun(RemoteTestNG.java:251)
	at org.testng.remote.RemoteTestNG.main(RemoteTestNG.java:77)
]]>
            </full-stacktrace>
          </exception> <!-- java.lang.AssertionError -->
          <reporter-output>
          </reporter-output>
        </test-method> <!-- verifyUIAndAPIData -->
        <test-method status="PASS" signature="tearDown()[pri:0, instance:weather.automation.testVagrantUtkarsh.myTest.NDTVHomePageTest@26653222]" name="tearDown" is-config="true" duration-ms="1407" started-at="2021-05-17T09:21:59Z" finished-at="2021-05-17T09:22:01Z">
          <reporter-output>
          </reporter-output>
        </test-method> <!-- tearDown -->
      </class> <!-- weather.automation.testVagrantUtkarsh.myTest.NDTVHomePageTest -->
    </test> <!-- testA -->
  </suite> <!-- suiteA -->
</testng-results>
